[2025-08-31T20:25:32.976Z] CSRF_VIOLATION: {"endpoint":"/65","method":"PUT","ip":"::1","userId":5}
[2025-09-04T06:20:07.122Z] VALIDATION_FAILURE: {"endpoint":"/65","method":"PUT","errors":[{"field":"title","message":"Title is required"},{"field":"title","message":"Title must be between 3 and 255 characters"},{"field":"description","message":"Description is required"},{"field":"description","message":"Description must be between 10 and 2,000 characters"},{"field":"details","message":"Details must be between 10 and 2,000 characters","value":"4th floor"},{"field":"built_year","message":"Built year must be between 1800 and 2025","value":null},{"field":"property_url","message":"Property URL must be a valid URL starting with http:// or https://","value":""}],"ip":"::1","userId":5}
[2025-09-04T06:43:44.815Z] VALIDATION_FAILURE: {"endpoint":"/65","method":"PUT","errors":[{"field":"property_type","message":"Property type is required"},{"field":"property_type","message":"Property type must be either \"sale\" or \"rent\""},{"field":"details","message":"Details must be between 10 and 2,000 characters","value":"4th floor"},{"field":"built_year","message":"Built year must be between 1800 and 2025","value":null},{"field":"property_url","message":"Property URL must be a valid URL starting with http:// or https://","value":""}],"ip":"::1","userId":5}
[2025-09-04T06:44:13.827Z] VALIDATION_FAILURE: {"endpoint":"/65","method":"PUT","errors":[{"field":"property_type","message":"Property type is required"},{"field":"property_type","message":"Property type must be either \"sale\" or \"rent\""},{"field":"details","message":"Details must be between 10 and 2,000 characters","value":"4th floor"},{"field":"built_year","message":"Built year must be between 1800 and 2025","value":null},{"field":"property_url","message":"Property URL must be a valid URL starting with http:// or https://","value":""}],"ip":"::1","userId":5}
[2025-09-04T06:49:00.720Z] VALIDATION_FAILURE: {"endpoint":"/65","method":"PUT","errors":[{"field":"details","message":"Details must be between 10 and 2,000 characters","value":"4th floor"}],"ip":"::1","userId":5}
[2025-09-05T15:09:15.463Z] VALIDATION_FAILURE: {"endpoint":"/66","method":"PUT","errors":[{"field":"details","message":"Details must be between 10 and 2,000 characters","value":"testi"},{"field":"interior_details","message":"Interior details must be between 10 and 2,000 characters","value":"testi"}],"ip":"::1","userId":5}
[2025-09-05T15:09:25.581Z] VALIDATION_FAILURE: {"endpoint":"/66","method":"PUT","errors":[{"field":"property_type","message":"Property type is required"},{"field":"property_type","message":"Property type must be either \"sale\" or \"rent\""},{"field":"phone_number","message":"Phone number must be between 7 and 20 characters","value":"123123"},{"field":"phone_number","message":"Invalid phone number format","value":"123123"}],"ip":"::1","userId":5}
[2025-09-05T15:09:48.366Z] VALIDATION_FAILURE: {"endpoint":"/66","method":"PUT","errors":[{"field":"property_type","message":"Property type is required"},{"field":"property_type","message":"Property type must be either \"sale\" or \"rent\""}],"ip":"::1","userId":5}
[2025-09-05T15:09:59.596Z] VALIDATION_FAILURE: {"endpoint":"/66","method":"PUT","errors":[{"field":"phone_number","message":"Phone number must be between 7 and 20 characters","value":"123123"},{"field":"phone_number","message":"Invalid phone number format","value":"123123"}],"ip":"::1","userId":5}
[2025-09-05T15:15:08.664Z] VALIDATION_FAILURE: {"endpoint":"/66","method":"PUT","errors":[{"field":"phone_number","message":"Phone number must be between 7 and 20 characters","value":"123123"},{"field":"phone_number","message":"Invalid phone number format","value":"123123"}],"ip":"::1","userId":5}
[2025-09-05T15:17:58.733Z] VALIDATION_FAILURE: {"endpoint":"/66","method":"PUT","errors":[{"field":"details","message":"Details must be between 10 and 2,000 characters","value":"tes"},{"field":"interior_details","message":"Interior details must be between 10 and 2,000 characters","value":"te"}],"ip":"::1","userId":5}
[2025-09-05T15:22:27.462Z] VALIDATION_FAILURE: {"endpoint":"/66","method":"PUT","errors":[{"field":"referrals[1].name","message":"Referral name must be between 2 and 255 characters","value":"m"}],"ip":"::1","userId":5}
[2025-09-05T17:31:02.534Z] VALIDATION_FAILURE: {"endpoint":"/4","method":"PUT","errors":[{"field":"phone_number","message":"Phone number must be between 7 and 20 characters","value":"345","location":"body"},{"field":"phone_number","message":"Invalid phone number format. Use international format (+1234567890)","value":"345","location":"body"},{"field":"status","message":"Status must be one of: active, contacted, qualified, converted, closed","value":"Active","location":"body"}],"ip":"::1","userId":5}
[2025-09-05T17:31:08.976Z] VALIDATION_FAILURE: {"endpoint":"/4","method":"PUT","errors":[{"field":"status","message":"Status must be one of: active, contacted, qualified, converted, closed","value":"Active","location":"body"}],"ip":"::1","userId":5}
[2025-09-05T17:31:15.397Z] VALIDATION_FAILURE: {"endpoint":"/4","method":"PUT","errors":[{"field":"phone_number","message":"Phone number must be between 7 and 20 characters","value":"324","location":"body"},{"field":"phone_number","message":"Invalid phone number format. Use international format (+1234567890)","value":"324","location":"body"},{"field":"status","message":"Status must be one of: active, contacted, qualified, converted, closed","value":"Active","location":"body"}],"ip":"::1","userId":5}
[2025-09-05T17:31:34.477Z] VALIDATION_FAILURE: {"endpoint":"/4","method":"PUT","errors":[{"field":"phone_number","message":"Phone number must be between 7 and 20 characters","value":"324","location":"body"},{"field":"phone_number","message":"Invalid phone number format. Use international format (+1234567890)","value":"324","location":"body"},{"field":"status","message":"Status must be one of: active, contacted, qualified, converted, closed","value":"Active","location":"body"}],"ip":"::1","userId":5}
[2025-09-05T17:31:48.630Z] VALIDATION_FAILURE: {"endpoint":"/4","method":"PUT","errors":[{"field":"status","message":"Status must be one of: active, contacted, qualified, converted, closed","value":"Active","location":"body"}],"ip":"::1","userId":5}
[2025-09-05T17:31:55.407Z] VALIDATION_FAILURE: {"endpoint":"/4","method":"PUT","errors":[{"field":"status","message":"Status must be one of: active, contacted, qualified, converted, closed","value":"Active","location":"body"}],"ip":"::1","userId":5}
[2025-09-05T17:31:59.024Z] VALIDATION_FAILURE: {"endpoint":"/4","method":"PUT","errors":[{"field":"status","message":"Status must be one of: active, contacted, qualified, converted, closed","value":"Active","location":"body"}],"ip":"::1","userId":5}
[2025-09-05T17:35:17.721Z] VALIDATION_FAILURE: {"endpoint":"/4","method":"PUT","errors":[{"field":"phone_number","message":"Phone number must be between 7 and 20 characters","value":"87","location":"body"},{"field":"phone_number","message":"Invalid phone number format. Use international format (+1234567890)","value":"87","location":"body"}],"ip":"::1","userId":5}
[2025-09-05T18:15:25.873Z] VALIDATION_FAILURE: {"endpoint":"/filtered?date_to=2025-09-14","method":"GET","errors":[{"field":"date_to","message":"Date to cannot be in the future","value":"2025-09-14","location":"query"}],"ip":"::1","userId":5}
[2025-09-05T18:15:30.271Z] VALIDATION_FAILURE: {"endpoint":"/filtered?date_to=2025-10-14","method":"GET","errors":[{"field":"date_to","message":"Date to cannot be in the future","value":"2025-10-14","location":"query"}],"ip":"::1","userId":5}
[2025-09-05T18:15:36.102Z] VALIDATION_FAILURE: {"endpoint":"/filtered?date_to=2025-10-14&date_from=2025-09-04","method":"GET","errors":[{"field":"date_to","message":"Date to cannot be in the future","value":"2025-10-14","location":"query"}],"ip":"::1","userId":5}
[2025-09-05T18:15:39.491Z] VALIDATION_FAILURE: {"endpoint":"/filtered?date_to=2025-10-14&date_from=2025-09-26","method":"GET","errors":[{"field":"date_to","message":"Date to cannot be in the future","value":"2025-10-14","location":"query"}],"ip":"::1","userId":5}
[2025-09-05T18:15:43.876Z] VALIDATION_FAILURE: {"endpoint":"/filtered?date_to=2025-10-14&date_from=2025-10-26","method":"GET","errors":[{"field":"date_to","message":"Date to cannot be in the future","value":"2025-10-14","location":"query"}],"ip":"::1","userId":5}
[2025-09-05T18:15:46.929Z] VALIDATION_FAILURE: {"endpoint":"/filtered?date_to=2025-10-14&date_from=2025-11-26","method":"GET","errors":[{"field":"date_to","message":"Date to cannot be in the future","value":"2025-10-14","location":"query"}],"ip":"::1","userId":5}
[2025-09-05T18:15:50.520Z] VALIDATION_FAILURE: {"endpoint":"/filtered?date_to=2025-10-14&date_from=2025-11-26&agent_id=1","method":"GET","errors":[{"field":"date_to","message":"Date to cannot be in the future","value":"2025-10-14","location":"query"}],"ip":"::1","userId":5}
[2025-09-05T18:15:54.685Z] VALIDATION_FAILURE: {"endpoint":"/filtered?date_to=2025-10-14&date_from=2025-11-26&agent_id=6","method":"GET","errors":[{"field":"date_to","message":"Date to cannot be in the future","value":"2025-10-14","location":"query"}],"ip":"::1","userId":5}
[2025-09-05T18:15:57.322Z] VALIDATION_FAILURE: {"endpoint":"/filtered?date_to=2025-10-14&date_from=2025-11-26&agent_id=6&reference_source_id=6","method":"GET","errors":[{"field":"date_to","message":"Date to cannot be in the future","value":"2025-10-14","location":"query"}],"ip":"::1","userId":5}
[2025-09-05T19:44:33.160Z] VALIDATION_FAILURE: {"endpoint":"/stats","method":"GET","errors":[{"field":"id","message":"Lead ID must be a positive integer","value":"stats","location":"params"}],"ip":"::1","userId":4}
[2025-09-05T19:44:33.207Z] VALIDATION_FAILURE: {"endpoint":"/stats","method":"GET","errors":[{"field":"id","message":"Lead ID must be a positive integer","value":"stats","location":"params"}],"ip":"::1","userId":4}
[2025-09-05T19:45:09.095Z] VALIDATION_FAILURE: {"endpoint":"/stats","method":"GET","errors":[{"field":"id","message":"Lead ID must be a positive integer","value":"stats","location":"params"}],"ip":"::1","userId":4}
[2025-09-09T17:42:00.675Z] VALIDATION_FAILURE: {"endpoint":"/106","method":"PUT","errors":[{"field":"property_url","message":"Property URL must be a valid URL starting with http:// or https://","value":"www.google.com"}],"ip":"::1","userId":4}
[2025-09-09T18:30:50.119Z] VALIDATION_FAILURE: {"endpoint":"/106","method":"PUT","errors":[{"field":"property_url","message":"Property URL must be a valid URL starting with http:// or https://","value":"www.google.com"}],"ip":"::1","userId":4}
[2025-09-09T18:33:56.943Z] VALIDATION_FAILURE: {"endpoint":"/106","method":"PUT","errors":[{"field":"property_url","message":"Property URL must be a valid URL starting with http:// or https://","value":"www.google.com"}],"ip":"::1","userId":4}
[2025-09-09T18:34:11.176Z] VALIDATION_FAILURE: {"endpoint":"/106","method":"PUT","errors":[{"field":"property_url","message":"Property URL must be a valid URL starting with http:// or https://","value":"www.google.com"}],"ip":"::1","userId":4}
[2025-09-09T18:46:48.681Z] VALIDATION_FAILURE: {"endpoint":"/106","method":"PUT","errors":[{"field":"property_url","message":"Property URL must be a valid URL starting with http:// or https://","value":"www.google.com"}],"ip":"::1","userId":4}
[2025-09-09T18:49:36.218Z] VALIDATION_FAILURE: {"endpoint":"/106","method":"PUT","errors":[{"field":"property_url","message":"Property URL must be a valid URL starting with http:// or https://","value":"www.w.google.com"}],"ip":"::1","userId":4}
[2025-09-09T18:53:24.021Z] VALIDATION_FAILURE: {"endpoint":"/106","method":"PUT","errors":[{"field":"property_url","message":"Property URL must be a valid URL starting with http:// or https://","value":"www.w.google.com"}],"ip":"::1","userId":4}
[2025-09-09T18:57:05.197Z] VALIDATION_FAILURE: {"endpoint":"/106","method":"PUT","errors":[{"field":"property_url","message":"Property URL must be a valid URL starting with http:// or https://","value":"www.google.com"}],"ip":"::1","userId":4}
[2025-09-09T18:59:57.385Z] VALIDATION_FAILURE: {"endpoint":"/106","method":"PUT","errors":[{"field":"property_url","message":"Property URL must be a valid URL starting with http:// or https://","value":"httpasdsadsads://google.com"}],"ip":"::1","userId":4}
[2025-09-09T19:00:21.124Z] VALIDATION_FAILURE: {"endpoint":"/106","method":"PUT","errors":[{"field":"property_url","message":"Property URL must be a valid URL starting with http:// or https://","value":"httpasdasds://google.com"}],"ip":"::1","userId":4}
[2025-09-09T19:00:40.656Z] VALIDATION_FAILURE: {"endpoint":"/106","method":"PUT","errors":[{"field":"property_url","message":"Property URL must be a valid URL starting with http:// or https://","value":"httpasdasds://google.com"}],"ip":"::1","userId":4}
[2025-09-09T19:00:52.259Z] VALIDATION_FAILURE: {"endpoint":"/106","method":"PUT","errors":[{"field":"property_url","message":"Property URL must be a valid URL starting with http:// or https://","value":"httpasasdasds://google.com"}],"ip":"::1","userId":4}
[2025-09-09T19:01:41.097Z] VALIDATION_FAILURE: {"endpoint":"/106","method":"PUT","errors":[{"field":"property_url","message":"Property URL must be a valid URL starting with http:// or https://","value":"httpasdasds://google.com"}],"ip":"::1","userId":4}
[2025-09-09T19:03:13.693Z] VALIDATION_FAILURE: {"endpoint":"/106","method":"PUT","errors":[{"field":"property_url","message":"Property URL must be a valid URL starting with http:// or https://","value":"htsdtps://google.com"}],"ip":"::1","userId":4}
[2025-09-09T19:05:01.548Z] VALIDATION_FAILURE: {"endpoint":"/106","method":"PUT","errors":[{"field":"property_url","message":"Property URL must be a valid URL starting with http:// or https://","value":"httpsdfsdfs://google.com"}],"ip":"::1","userId":4}
[2025-09-09T20:18:18.542Z] VALIDATION_FAILURE: {"endpoint":"/106","method":"PUT","errors":[{"field":"phone_number","message":"Phone number must be between 7 and 20 characters","value":"3"},{"field":"phone_number","message":"Invalid phone number format","value":"3"}],"ip":"::1","userId":4}
[2025-09-09T20:43:27.875Z] VALIDATION_FAILURE: {"endpoint":"/16","method":"PUT","errors":[{"field":"status","message":"Status must be one of: Active, Contacted, Qualified, Converted, Closed","value":"active","location":"body"}],"ip":"::1","userId":4}
[2025-09-11T17:46:27.102Z] VALIDATION_FAILURE: {"endpoint":"/106","method":"PUT","errors":[{"field":"phone_number","message":"Phone number must be between 7 and 20 characters","value":"946565"},{"field":"phone_number","message":"Invalid phone number format","value":"946565"}],"ip":"::1","userId":4}
[2025-09-11T18:19:45.449Z] CSRF_VIOLATION: {"endpoint":"/106","method":"PUT","ip":"::1","userId":4}
[2025-09-11T18:20:01.411Z] CSRF_VIOLATION: {"endpoint":"/106","method":"PUT","ip":"::1","userId":4}
[2025-09-11T18:34:47.832Z] CSRF_VIOLATION: {"endpoint":"/106","method":"PUT","ip":"::1","userId":4}
[2025-09-11T18:43:19.410Z] CSRF_VIOLATION: {"endpoint":"/106","method":"PUT","ip":"::1","userId":4}
[2025-09-11T18:43:31.080Z] CSRF_VIOLATION: {"endpoint":"/106","method":"PUT","ip":"::1","userId":4}
[2025-09-11T18:48:06.590Z] CSRF_VIOLATION: {"endpoint":"/106","method":"PUT","ip":"::1","userId":4}
[2025-09-11T18:48:40.122Z] CSRF_VIOLATION: {"endpoint":"/106","method":"PUT","ip":"::1","userId":4}
[2025-09-11T19:14:32.351Z] CSRF_VIOLATION: {"endpoint":"/106/upload-main-image","method":"POST","ip":"::1","userId":4}
[2025-09-11T19:14:39.033Z] CSRF_VIOLATION: {"endpoint":"/106/upload-main-image","method":"POST","ip":"::1","userId":4}
[2025-09-11T19:20:03.416Z] CSRF_VIOLATION: {"endpoint":"/106/upload-main-image","method":"POST","ip":"::1","userId":4}
[2025-09-11T19:32:08.962Z] VALIDATION_FAILURE: {"endpoint":"/1","method":"PUT","errors":[{"field":"status_id","message":"Status ID is required"},{"field":"status_id","message":"Status ID must be a positive integer"},{"field":"property_type","message":"Property type is required"},{"field":"property_type","message":"Property type must be either \"sale\" or \"rent\""},{"field":"location","message":"Location is required"},{"field":"location","message":"Location must be between 3 and 500 characters"},{"field":"category_id","message":"Category ID is required"},{"field":"category_id","message":"Category ID must be a positive integer"},{"field":"owner_name","message":"Owner name is required"},{"field":"owner_name","message":"Owner name must be between 2 and 255 characters"},{"field":"phone_number","message":"Phone number is required"},{"field":"phone_number","message":"Phone number must be between 7 and 20 characters"},{"field":"phone_number","message":"Invalid phone number format"},{"field":"surface","message":"Surface area is required"},{"field":"surface","message":"Surface area must be between 0.01 and 10,000 m²"},{"field":"view_type","message":"View type is required"},{"field":"view_type","message":"View type must be one of: open view, sea view, mountain view, no view"},{"field":"price","message":"Price is required"},{"field":"price","message":"Price must be between $0.01 and $1,000,000,000"},{"field":"concierge","message":"Concierge service status is required"},{"field":"concierge","message":"Concierge must be true or false"},{"field":"details","message":"Property details are required"},{"field":"details","message":"Details must be between 10 and 2,000 characters"},{"field":"interior_details","message":"Interior details are required"},{"field":"interior_details","message":"Interior details must be between 10 and 2,000 characters"}],"ip":"::1","userId":32}
[2025-09-11T19:39:06.510Z] CSRF_VIOLATION: {"endpoint":"/106","method":"PUT","ip":"::1","userId":4}
[2025-09-11T19:45:30.888Z] CSRF_VIOLATION: {"endpoint":"/106","method":"PUT","ip":"::1","userId":4}
[2025-09-11T19:45:54.730Z] CSRF_VIOLATION: {"endpoint":"/106","method":"PUT","ip":"::1","userId":4}
[2025-09-11T19:47:38.997Z] CSRF_VIOLATION: {"endpoint":"/106","method":"PUT","ip":"::1","userId":4}
[2025-09-11T19:52:26.478Z] CSRF_VIOLATION: {"endpoint":"/106","method":"PUT","ip":"::1","userId":4}
[2025-09-11T19:52:26.562Z] CSRF_VIOLATION: {"endpoint":"/106/upload-gallery","method":"POST","ip":"::1","userId":4}
[2025-09-11T19:52:42.017Z] CSRF_VIOLATION: {"endpoint":"/106","method":"PUT","ip":"::1","userId":4}
[2025-09-11T19:52:42.092Z] CSRF_VIOLATION: {"endpoint":"/106/upload-gallery","method":"POST","ip":"::1","userId":4}
[2025-09-14T12:59:25.164Z] VALIDATION_FAILURE: {"endpoint":"/","method":"POST","errors":[{"field":"phone_number","message":"Phone number must be between 7 and 20 characters","value":"123123"},{"field":"phone_number","message":"Invalid phone number format","value":"123123"},{"field":"price","message":"Price must be between $0.01 and $1,000,000,000","value":3000000000000},{"field":"referrals","message":"Referrals must be an array","value":null}],"ip":"::1","userId":4}
[2025-09-14T13:00:28.144Z] VALIDATION_FAILURE: {"endpoint":"/","method":"POST","errors":[{"field":"referrals","message":"Referrals must be an array","value":null}],"ip":"::1","userId":4}
[2025-09-14T13:00:31.430Z] VALIDATION_FAILURE: {"endpoint":"/","method":"POST","errors":[{"field":"referrals","message":"Referrals must be an array","value":null}],"ip":"::1","userId":4}
[2025-09-14T13:01:10.937Z] CSRF_VIOLATION: {"endpoint":"/116","method":"PUT","ip":"::1","userId":4}
[2025-09-14T13:01:11.022Z] CSRF_VIOLATION: {"endpoint":"/116/upload-gallery","method":"POST","ip":"::1","userId":4}
[2025-09-14T13:06:11.645Z] CSRF_VIOLATION: {"endpoint":"/116","method":"PUT","ip":"::1","userId":4}
[2025-09-14T13:06:11.839Z] CSRF_VIOLATION: {"endpoint":"/116/upload-gallery","method":"POST","ip":"::1","userId":4}
[2025-09-14T13:16:05.542Z] VALIDATION_FAILURE: {"endpoint":"/","method":"POST","errors":[{"field":"details","message":"Details must be between 10 and 2,000 characters","value":"asdasdads"},{"field":"interior_details","message":"Interior details must be between 10 and 2,000 characters","value":"asdasdads"}],"ip":"::1","userId":4}
[2025-09-14T13:16:09.556Z] VALIDATION_FAILURE: {"endpoint":"/","method":"POST","errors":[{"field":"details","message":"Details must be between 10 and 2,000 characters","value":"asdasdads"},{"field":"interior_details","message":"Interior details must be between 10 and 2,000 characters","value":"asdasdads"}],"ip":"::1","userId":4}
[2025-09-14T13:16:37.764Z] CSRF_VIOLATION: {"endpoint":"/117","method":"PUT","ip":"::1","userId":4}
[2025-09-14T13:16:56.400Z] CSRF_VIOLATION: {"endpoint":"/117","method":"PUT","ip":"::1","userId":4}
[2025-09-14T13:17:19.288Z] CSRF_VIOLATION: {"endpoint":"/117/upload-main-image","method":"POST","ip":"::1","userId":4}
[2025-09-14T13:21:47.477Z] CSRF_VIOLATION: {"endpoint":"/117/upload-main-image","method":"POST","ip":"::1","userId":4}
[2025-09-14T13:23:36.770Z] CSRF_VIOLATION: {"endpoint":"/117/upload-main-image","method":"POST","ip":"::1","userId":4}
[2025-09-14T13:23:47.236Z] CSRF_VIOLATION: {"endpoint":"/117/upload-main-image","method":"POST","ip":"::1","userId":4}
[2025-09-14T13:29:49.461Z] CSRF_VIOLATION: {"endpoint":"/117/upload-main-image","method":"POST","ip":"::1","userId":4}
[2025-09-14T13:30:02.462Z] CSRF_VIOLATION: {"endpoint":"/117/upload-main-image","method":"POST","ip":"::1","userId":4}
[2025-09-14T19:19:36.326Z] VALIDATION_FAILURE: {"endpoint":"/18","method":"PUT","errors":[{"field":"customer_name","message":"Customer name can only contain letters, spaces, hyphens, and apostrophes","value":"Customer 18","location":"body"},{"field":"status","message":"Status must be one of: Active, Contacted, Qualified, Converted, Closed","value":"test","location":"body"}],"ip":"::1","userId":4}
[2025-09-14T19:19:58.432Z] VALIDATION_FAILURE: {"endpoint":"/37","method":"PUT","errors":[{"field":"status","message":"Status must be one of: Active, Contacted, Qualified, Converted, Closed","value":"test","location":"body"}],"ip":"::1","userId":4}
[2025-09-14T19:22:33.722Z] VALIDATION_FAILURE: {"endpoint":"/17","method":"PUT","errors":[{"field":"status","message":"Status must be one of: Active, Contacted, Qualified, Converted, Closed","value":"active","location":"body"}],"ip":"::1","userId":4}
[2025-09-14T19:31:28.965Z] VALIDATION_FAILURE: {"endpoint":"/18","method":"PUT","errors":[{"field":"customer_name","message":"Customer name can only contain letters, spaces, hyphens, and apostrophes","value":"Customer 18","location":"body"},{"field":"status","message":"Status must be one of: Active, Contacted, Qualified, Converted, Closed","value":"test","location":"body"}],"ip":"::1","userId":4}
[2025-09-14T19:32:29.221Z] VALIDATION_FAILURE: {"endpoint":"/47","method":"PUT","errors":[{"field":"status","message":"Status must be one of: Active, Contacted, Qualified, Converted, Closed","value":"test","location":"body"}],"ip":"::1","userId":4}
[2025-09-14T19:32:50.333Z] VALIDATION_FAILURE: {"endpoint":"/47","method":"PUT","errors":[{"field":"status","message":"Status must be one of: Active, Contacted, Qualified, Converted, Closed","value":"test","location":"body"}],"ip":"::1","userId":4}
[2025-09-14T19:58:09.114Z] VALIDATION_FAILURE: {"endpoint":"/47","method":"PUT","errors":[{"field":"status","message":"Status must be one of: Active, Contacted, Qualified, Converted, Closed","value":"test","location":"body"}],"ip":"::1","userId":4}
[2025-09-14T19:58:21.430Z] VALIDATION_FAILURE: {"endpoint":"/47","method":"PUT","errors":[{"field":"status","message":"Status must be one of: Active, Contacted, Qualified, Converted, Closed","value":"test","location":"body"}],"ip":"::1","userId":4}
[2025-09-14T20:09:44.209Z] VALIDATION_FAILURE: {"endpoint":"/47","method":"PUT","errors":[{"field":"status","message":"Status must be one of: Active, Contacted, Qualified, Converted, Closed","value":"test","location":"body"}],"ip":"::1","userId":4}
[2025-09-14T20:10:31.434Z] VALIDATION_FAILURE: {"endpoint":"/47","method":"PUT","errors":[{"field":"status","message":"Status must be one of: Active, Contacted, Qualified, Converted, Closed","value":"test","location":"body"}],"ip":"::1","userId":4}
[2025-09-14T20:13:34.498Z] VALIDATION_FAILURE: {"endpoint":"/47","method":"PUT","errors":[{"field":"status","message":"Status must be one of: Active, Contacted, Qualified, Converted, Closed","value":"test","location":"body"}],"ip":"::1","userId":4}
[2025-09-14T20:19:57.049Z] VALIDATION_FAILURE: {"endpoint":"/49","method":"PUT","errors":[{"field":"phone_number","message":"Phone number must be between 7 and 20 characters","value":"8","location":"body"},{"field":"phone_number","message":"Invalid phone number format. Use international format (+1234567890)","value":"8","location":"body"}],"ip":"::1","userId":4}
[2025-09-14T20:22:15.553Z] VALIDATION_FAILURE: {"endpoint":"/49","method":"PUT","errors":[{"field":"phone_number","message":"Phone number must be between 7 and 20 characters","value":"1","location":"body"},{"field":"phone_number","message":"Invalid phone number format. Use international format (+1234567890)","value":"1","location":"body"}],"ip":"::1","userId":4}
[2025-09-14T20:22:27.070Z] VALIDATION_FAILURE: {"endpoint":"/49","method":"PUT","errors":[{"field":"phone_number","message":"Phone number must be between 7 and 20 characters","value":"81","location":"body"},{"field":"phone_number","message":"Invalid phone number format. Use international format (+1234567890)","value":"81","location":"body"}],"ip":"::1","userId":4}
[2025-09-14T20:25:14.273Z] VALIDATION_FAILURE: {"endpoint":"/49","method":"PUT","errors":[{"field":"phone_number","message":"Phone number must be between 7 and 20 characters","value":"1","location":"body"},{"field":"phone_number","message":"Invalid phone number format. Use international format (+1234567890)","value":"1","location":"body"}],"ip":"::1","userId":4}
[2025-09-14T20:28:35.287Z] VALIDATION_FAILURE: {"endpoint":"/49","method":"PUT","errors":[{"field":"phone_number","message":"Phone number must be between 7 and 20 characters","value":"8","location":"body"},{"field":"phone_number","message":"Invalid phone number format. Use international format (+1234567890)","value":"8","location":"body"}],"ip":"::1","userId":4}
[2025-09-14T20:31:34.153Z] VALIDATION_FAILURE: {"endpoint":"/49","method":"PUT","errors":[{"field":"phone_number","message":"Phone number must be between 7 and 20 characters","value":"8","location":"body"},{"field":"phone_number","message":"Invalid phone number format. Use international format (+1234567890)","value":"8","location":"body"}],"ip":"::1","userId":4}
[2025-09-14T20:32:40.620Z] VALIDATION_FAILURE: {"endpoint":"/49","method":"PUT","errors":[{"field":"phone_number","message":"Phone number must be between 7 and 20 characters","value":"8","location":"body"},{"field":"phone_number","message":"Invalid phone number format. Use international format (+1234567890)","value":"8","location":"body"}],"ip":"::1","userId":4}
[2025-09-14T20:32:53.172Z] VALIDATION_FAILURE: {"endpoint":"/48","method":"PUT","errors":[{"field":"phone_number","message":"Phone number must be between 7 and 20 characters","value":"1","location":"body"},{"field":"phone_number","message":"Invalid phone number format. Use international format (+1234567890)","value":"1","location":"body"}],"ip":"::1","userId":4}
[2025-09-14T20:33:51.965Z] VALIDATION_FAILURE: {"endpoint":"/48","method":"PUT","errors":[{"field":"phone_number","message":"Phone number must be between 7 and 20 characters","value":"1","location":"body"},{"field":"phone_number","message":"Invalid phone number format. Use international format (+1234567890)","value":"1","location":"body"}],"ip":"::1","userId":4}
[2025-09-14T20:34:09.660Z] VALIDATION_FAILURE: {"endpoint":"/49","method":"PUT","errors":[{"field":"phone_number","message":"Phone number must be between 7 and 20 characters","value":"1","location":"body"},{"field":"phone_number","message":"Invalid phone number format. Use international format (+1234567890)","value":"1","location":"body"}],"ip":"::1","userId":4}
[2025-09-14T20:34:45.088Z] VALIDATION_FAILURE: {"endpoint":"/49","method":"PUT","errors":[{"field":"phone_number","message":"Phone number must be between 7 and 20 characters","value":"1","location":"body"},{"field":"phone_number","message":"Invalid phone number format. Use international format (+1234567890)","value":"1","location":"body"}],"ip":"::1","userId":4}
[2025-09-14T20:34:50.011Z] VALIDATION_FAILURE: {"endpoint":"/49","method":"PUT","errors":[{"field":"phone_number","message":"Phone number must be between 7 and 20 characters","value":"1","location":"body"},{"field":"phone_number","message":"Invalid phone number format. Use international format (+1234567890)","value":"1","location":"body"}],"ip":"::1","userId":4}
[2025-09-14T20:34:59.792Z] VALIDATION_FAILURE: {"endpoint":"/49","method":"PUT","errors":[{"field":"phone_number","message":"Phone number must be between 7 and 20 characters","value":"1","location":"body"},{"field":"phone_number","message":"Invalid phone number format. Use international format (+1234567890)","value":"1","location":"body"}],"ip":"::1","userId":4}
[2025-09-14T20:35:57.859Z] VALIDATION_FAILURE: {"endpoint":"/49","method":"PUT","errors":[{"field":"phone_number","message":"Phone number must be between 7 and 20 characters","value":"1","location":"body"},{"field":"phone_number","message":"Invalid phone number format. Use international format (+1234567890)","value":"1","location":"body"}],"ip":"::1","userId":4}
[2025-09-15T17:30:41.097Z] VALIDATION_FAILURE: {"endpoint":"/filtered?status=Closed&date_to=2025-09-27","method":"GET","errors":[{"field":"date_to","message":"Date to cannot be in the future","value":"2025-09-27","location":"query"}],"ip":"::1","userId":4}
[2025-09-16T17:30:35.169Z] VALIDATION_FAILURE: {"endpoint":"/filtered?date_from=2025-09-03&date_to=2025-10-11","method":"GET","errors":[{"field":"date_to","message":"Date to cannot be in the future","value":"2025-10-11","location":"query"}],"ip":"::1","userId":4}
[2025-09-30T17:40:28.684Z] VALIDATION_FAILURE: {"endpoint":"/","method":"POST","errors":[{"field":"phone_number","message":"Phone number must be between 7 and 20 characters","value":"234234","location":"body"},{"field":"phone_number","message":"Invalid phone number format. Use international format (+1234567890)","value":"234234","location":"body"}],"ip":"::1","userId":4}
[2025-09-30T17:40:35.204Z] VALIDATION_FAILURE: {"endpoint":"/","method":"POST","errors":[{"field":"phone_number","message":"Phone number must be between 7 and 20 characters","value":"234234","location":"body"},{"field":"phone_number","message":"Invalid phone number format. Use international format (+1234567890)","value":"234234","location":"body"}],"ip":"::1","userId":4}
[2025-11-09T23:06:15.930Z] VALIDATION_FAILURE: {"endpoint":"/","method":"POST","errors":[{"field":"surface","message":"Surface area must be between 0.01 and 10,000 m²","value":123123}],"ip":"::1","userId":51}
[2025-11-09T23:06:22.465Z] VALIDATION_FAILURE: {"endpoint":"/","method":"POST","errors":[{"field":"surface","message":"Surface area must be between 0.01 and 10,000 m²","value":123123}],"ip":"::1","userId":51}
[2025-11-09T23:06:58.760Z] VALIDATION_FAILURE: {"endpoint":"/","method":"POST","errors":[{"field":"surface","message":"Surface area must be between 0.01 and 10,000 m²","value":123123}],"ip":"::1","userId":51}
[2025-11-16T10:10:37.236Z] VALIDATION_FAILURE: {"endpoint":"/1289","method":"PUT","errors":[{"field":"status","message":"Status must be one of: Active, Closed, Contacted, Converted, Qualified, test, test2","value":"converted","location":"body"}],"ip":"::1","userId":51}
